<?xml version="1.0" encoding="UTF-8" ?>
<testsuite errors="0" failures="0" hostname="BriandeMacBook-Pro.local" name="com.xunlei.wifi.test.drivecases.DriverTests" skipped="0" tests="2" time="2.024" timestamp="2015-03-02T09:51:11">
  <properties>
    <property name="ant.project.invoked-targets" value="junit" />
    <property name="java.runtime.name" value="Java(TM) SE Runtime Environment" />
    <property name="sun.boot.library.path" value="/Library/Java/JavaVirtualMachines/jdk1.8.0_20.jdk/Contents/Home/jre/lib" />
    <property name="java.vm.version" value="25.20-b23" />
    <property name="ant.library.dir" value="/Users/Brian/eclipse/plugins/org.apache.ant_1.8.3.v201301120609/lib" />
    <property name="gopherProxySet" value="false" />
    <property name="ant.version" value="Apache Ant(TM) version 1.9.4 compiled on April 29 2014" />
    <property name="binpath" value="bin" />
    <property name="ant.java.version" value="1.8" />
    <property name="java.vm.vendor" value="Oracle Corporation" />
    <property name="java.vendor.url" value="http://java.oracle.com/" />
    <property name="path.separator" value=":" />
    <property name="java.vm.name" value="Java HotSpot(TM) 64-Bit Server VM" />
    <property name="file.encoding.pkg" value="sun.io" />
    <property name="user.country" value="CN" />
    <property name="sun.java.launcher" value="SUN_STANDARD" />
    <property name="sun.os.patch.level" value="unknown" />
    <property name="java.vm.specification.name" value="Java Virtual Machine Specification" />
    <property name="user.dir" value="/Users/Brian/Git/WIFI/BMW_IAT" />
    <property name="java.runtime.version" value="1.8.0_20-b26" />
    <property name="java.awt.graphicsenv" value="sun.awt.CGraphicsEnvironment" />
    <property name="basedir" value="/Users/Brian/Git/WIFI/BMW_IAT" />
    <property name="java.endorsed.dirs" value="/Library/Java/JavaVirtualMachines/jdk1.8.0_20.jdk/Contents/Home/jre/lib/endorsed" />
    <property name="os.arch" value="x86_64" />
    <property name="ant.file.type.BMW_IAT" value="file" />
    <property name="ant.project.default-target" value="junit" />
    <property name="java.io.tmpdir" value="/var/folders/sm/2knz49v16ksc77wg84l802280000gn/T/" />
    <property name="ant.core.lib" value="/Users/Brian/eclipse/plugins/org.apache.ant_1.8.3.v201301120609/lib/ant.jar" />
    <property name="line.separator" value="&#xa;" />
    <property name="java.vm.specification.vendor" value="Oracle Corporation" />
    <property name="os.name" value="Mac OS X" />
    <property name="DSTAMP" value="20150302" />
    <property name="ant.home" value="/Users/Brian/eclipse/plugins/org.apache.ant_1.8.3.v201301120609" />
    <property name="ant.project.name" value="BMW_IAT" />
    <property name="sun.jnu.encoding" value="UTF-8" />
    <property name="TODAY" value="March 2 2015" />
    <property name="java.library.path" value="/Users/Brian/Library/Java/Extensions:/Library/Java/Extensions:/Network/Library/Java/Extensions:/System/Library/Java/Extensions:/usr/lib/java:." />
    <property name="libpath" value="lib" />
    <property name="java.class.version" value="52.0" />
    <property name="java.specification.name" value="Java Platform API Specification" />
    <property name="sun.management.compiler" value="HotSpot 64-Bit Tiered Compilers" />
    <property name="os.version" value="10.10.3" />
    <property name="ant.file" value="/Users/Brian/Git/WIFI/BMW_IAT/build.xml" />
    <property name="user.home" value="/Users/Brian" />
    <property name="user.timezone" value="Asia/Harbin" />
    <property name="java.awt.printerjob" value="sun.lwawt.macosx.CPrinterJob" />
    <property name="java.specification.version" value="1.8" />
    <property name="file.encoding" value="UTF-8" />
    <property name="reportpath" value="report" />
    <property name="TSTAMP" value="1751" />
    <property name="java.class.path" value="/Users/Brian/Git/WIFI/BMW_IAT/bin:/Users/Brian/Git/WIFI/BMW_IAT/lib/commons-beanutils-1.7.0.jar:/Users/Brian/Git/WIFI/BMW_IAT/lib/commons-codec-1.6.jar:/Users/Brian/Git/WIFI/BMW_IAT/lib/commons-collections-3.2.1.jar:/Users/Brian/Git/WIFI/BMW_IAT/lib/commons-lang-2.4.jar:/Users/Brian/Git/WIFI/BMW_IAT/lib/commons-logging-1.1.3.jar:/Users/Brian/Git/WIFI/BMW_IAT/lib/dom4j-1.6.1.jar:/Users/Brian/Git/WIFI/BMW_IAT/lib/ezmorph-1.0.6.jar:/Users/Brian/Git/WIFI/BMW_IAT/lib/fluent-hc-4.3.6.jar:/Users/Brian/Git/WIFI/BMW_IAT/lib/httpclient-4.3.6.jar:/Users/Brian/Git/WIFI/BMW_IAT/lib/httpclient-cache-4.3.6.jar:/Users/Brian/Git/WIFI/BMW_IAT/lib/httpcore-4.3.3.jar:/Users/Brian/Git/WIFI/BMW_IAT/lib/httpmime-4.3.6.jar:/Users/Brian/Git/WIFI/BMW_IAT/lib/json-lib-2.2.1.jar:/Users/Brian/Git/WIFI/BMW_IAT/lib/junit_plus.jar:/Users/Brian/Git/WIFI/BMW_IAT/lib/poi-3.10-FINAL-20140208.jar:/Users/Brian/Git/WIFI/BMW_IAT/lib/poi-examples-3.10-FINAL-20140208.jar:/Users/Brian/Git/WIFI/BMW_IAT/lib/poi-excelant-3.10-FINAL-20140208.jar:/Users/Brian/Git/WIFI/BMW_IAT/lib/poi-ooxml-3.10-FINAL-20140208.jar:/Users/Brian/Git/WIFI/BMW_IAT/lib/poi-ooxml-schemas-3.10-FINAL-20140208.jar:/Users/Brian/Git/WIFI/BMW_IAT/lib/xmlbeans-2.3.0.jar:/Users/Brian/eclipse/plugins/org.apache.ant_1.8.3.v201301120609/lib/ant-launcher.jar:/Users/Brian/eclipse/plugins/org.apache.ant_1.8.3.v201301120609/lib/ant.jar:/Users/Brian/eclipse/plugins/org.apache.ant_1.8.3.v201301120609/lib/ant-junit.jar:/Users/Brian/eclipse/plugins/org.apache.ant_1.8.3.v201301120609/lib/ant-junit4.jar" />
    <property name="user.name" value="Brian" />
    <property name="java.vm.specification.version" value="1.8" />
    <property name="sun.java.command" value="org.apache.tools.ant.taskdefs.optional.junit.JUnitTestRunner com.xunlei.wifi.test.drivecases.DriverTests skipNonTests=false filtertrace=true haltOnError=false haltOnFailure=false formatter=org.apache.tools.ant.taskdefs.optional.junit.SummaryJUnitResultFormatter showoutput=false outputtoformatters=true logfailedtests=true threadid=0 logtestlistenerevents=false formatter=org.apache.tools.ant.taskdefs.optional.junit.XMLJUnitResultFormatter,/Users/Brian/Git/WIFI/BMW_IAT/report/test-20150302-1751/TEST-com.xunlei.wifi.test.drivecases.DriverTests.xml crashfile=/Users/Brian/Git/WIFI/BMW_IAT/junitvmwatcher8165480953897417660.properties propsfile=/Users/Brian/Git/WIFI/BMW_IAT/junit6315529953375905734.properties" />
    <property name="sun.arch.data.model" value="64" />
    <property name="java.home" value="/Library/Java/JavaVirtualMachines/jdk1.8.0_20.jdk/Contents/Home/jre" />
    <property name="ant.file.BMW_IAT" value="/Users/Brian/Git/WIFI/BMW_IAT/build.xml" />
    <property name="java.specification.vendor" value="Oracle Corporation" />
    <property name="user.language" value="zh" />
    <property name="awt.toolkit" value="sun.lwawt.macosx.LWCToolkit" />
    <property name="java.vm.info" value="mixed mode" />
    <property name="java.version" value="1.8.0_20" />
    <property name="java.ext.dirs" value="/Users/Brian/Library/Java/Extensions:/Library/Java/JavaVirtualMachines/jdk1.8.0_20.jdk/Contents/Home/jre/lib/ext:/Library/Java/Extensions:/Network/Library/Java/Extensions:/System/Library/Java/Extensions:/usr/lib/java" />
    <property name="sun.boot.class.path" value="/Library/Java/JavaVirtualMachines/jdk1.8.0_20.jdk/Contents/Home/jre/lib/resources.jar:/Library/Java/JavaVirtualMachines/jdk1.8.0_20.jdk/Contents/Home/jre/lib/rt.jar:/Library/Java/JavaVirtualMachines/jdk1.8.0_20.jdk/Contents/Home/jre/lib/sunrsasign.jar:/Library/Java/JavaVirtualMachines/jdk1.8.0_20.jdk/Contents/Home/jre/lib/jsse.jar:/Library/Java/JavaVirtualMachines/jdk1.8.0_20.jdk/Contents/Home/jre/lib/jce.jar:/Library/Java/JavaVirtualMachines/jdk1.8.0_20.jdk/Contents/Home/jre/lib/charsets.jar:/Library/Java/JavaVirtualMachines/jdk1.8.0_20.jdk/Contents/Home/jre/lib/jfr.jar:/Library/Java/JavaVirtualMachines/jdk1.8.0_20.jdk/Contents/Home/jre/classes" />
    <property name="java.vendor" value="Oracle Corporation" />
    <property name="srcpath" value="src" />
    <property name="file.separator" value="/" />
    <property name="java.vendor.url.bug" value="http://bugreport.sun.com/bugreport/" />
    <property name="sun.cpu.endian" value="little" />
    <property name="sun.io.unicode.encoding" value="UnicodeBig" />
    <property name="sun.cpu.isalist" value="" />
  </properties>
  <testcase classname="com.xunlei.wifi.test.drivecases.DriverTests" name="test_User" time="1.18" />
  <testcase classname="com.xunlei.wifi.test.drivecases.DriverTests" name="test_Reward" time="0.142" />
  <system-out><![CDATA[请求地址：http://twin13a087vm5.sandai.net/api/user/loginByThird
返回结果：{"userId":220062,"userName":"青青的小树","userPic":"http://wx.qlogo.cn/mmopen/5SEL2IohavAfuqZyOYF05Hhawjib7eeiajDHkldZOiatXhmzicnbpSLDucTdM5ibMsgOhaGpUCXFkBpx6GXibmsP1DibAZI0AsOV91M/0","t":"ZUzIADgZjAmYEZANkBj9aYAA6AWoMPgI2","userSecretKey":"9a4653bc3b1f5f1c0701ac386341c530","tag":1,"regTime":1418031495587,"bonus":0,"balance":0,"inviteCode":"JYYR","type":1}
220062成功登录
**********test_User START**********
请求地址：http://twin13a087vm5.sandai.net/api/user/loginByThird
返回结果：{"userId":220049,"userName":"不离不弃","userPic":"http://wx.qlogo.cn/mmopen/JCrjicctRMocTUXb8mgrBgzia4FdVZtb6afvSbyreDynApEaUZzpiaqn5icOdyOMicW2pQhj0P9e6CnbKoPjVvCkNFP9ibtFUJCSHJ/0","t":"ZUTABDwBlBGAPbwdgBD1cZllhAGsNNFBk","userSecretKey":"335e735c456fd84d3ed47f4b0523d713","tag":1,"regTime":1417673464271,"bonus":0,"balance":0,"inviteCode":"J2SN","type":1}
请求地址：http://twin13a087vm5.sandai.net/api/user/loginByThird
返回结果：{"userId":220112,"userName":"下雨天","t":"ZBWRbVVA1VzNSMgFmUmoIMgE8DWYNPwo_","userSecretKey":"c164b76965bf276b80ff52318af8785d","tag":1,"regTime":1421396002076,"bonus":0,"balance":0,"inviteCode":"PWPG","type":1}
请求地址：http://twin13a087vm5.sandai.net/api/user/accountList
返回结果：{"accountList":[{"userId":220062,"extUserId":"1EDA5014E930971855AA9B50B4D2C46C","platform":"qq","type":0,"bindTime":1422859231248},{"userId":220062,"extUserId":"oGsKms0G_IG6cvXk0sKje9sP89XU","extUserName":"青青的小树","extUserPic":"http://wx.qlogo.cn/mmopen/5SEL2IohavAfuqZyOYF05Hhawjib7eeiajDHkldZOiatXhmzicnbpSLDucTdM5ibMsgOhaGpUCXFkBpx6GXibmsP1DibAZI0AsOV91M/0","platform":"weixin","type":1,"bindTime":0}]}
**********test_User END**********
**********test_Reward START**********
请求地址：http://twin13a087vm5.sandai.net/api/reward/list
返回结果：{"missionStatusList":[{"missionId":1,"status":1},{"missionId":2,"status":1},{"missionId":3,"status":1},{"missionId":4,"status":0},{"missionId":5,"status":1},{"missionId":6,"status":1}]}
**********test_Reward END**********
]]></system-out>
  <system-err><![CDATA[callId=1425289871952  sig=2a257c3ddf3a9dfa95a99b8a10973d8d  v=1.0  appId=1  extUserId=oGsKms0G_IG6cvXk0sKje9sP89XU  extUserName=青青的小树  clientInfo={"model":"HM NOTE 1TD","version":"2.6.1","os":"4.2.2","screen":"1280*720","from":"UMENG_CHANNEL_VALUE","uniqid":"864375022142948","mac":"d4:97:0b:6a:cf:1d"}  platform=weixin  
callId=1425289873409  sig=7e1e9b070ca7fd2cb2f42fee7cd4c85a  t=ZUzIADgZjAmYEZANkBj9aYAA6AWoMPgI2  v=1.0  appId=1  extUserId=oGsKmsy5FvOg0Knw9zbqi3z4oA3Q  extUserName=不离不弃  clientInfo={"model":"HM NOTE 1TD","version":"2.6.1","os":"4.2.2","screen":"1280*720","from":"UMENG_CHANNEL_VALUE","uniqid":"864375022142948","mac":"d4:97:0b:6a:cf:1d"}  platform=weixin  
callId=1425289873478  sig=6929d2f09311a4f63cbaf312492933e9  t=ZUzIADgZjAmYEZANkBj9aYAA6AWoMPgI2  v=1.0  appId=1  extUserId=8C9F18F0F0301568472F943123C396CD  extUserName=下雨天  clientInfo={"model":"HM NOTE 1TD","version":"2.6.1","os":"4.2.2","screen":"1280*720","from":"UMENG_CHANNEL_VALUE","uniqid":"864375022142948","mac":"d4:97:0b:6a:cf:1d"}  platform=qq  
org.junit.ComparisonFailure: tag验证失败 expected:<[2]> but was:<[1]>
	at org.junit.Assert.assertEquals(Assert.java:125)
	at com.xunlei.wifi.test.modules.driver.CaseDriver.verifyResult(CaseDriver.java:217)
	at com.xunlei.wifi.test.modules.driver.CaseDriver.runCases(CaseDriver.java:111)
	at com.xunlei.wifi.test.drivecases.DriverTests.test_User(DriverTests.java:38)
	at sun.reflect.NativeMethodAccessorImpl.invoke0(Native Method)
	at sun.reflect.NativeMethodAccessorImpl.invoke(NativeMethodAccessorImpl.java:62)
	at sun.reflect.DelegatingMethodAccessorImpl.invoke(DelegatingMethodAccessorImpl.java:43)
	at java.lang.reflect.Method.invoke(Method.java:483)
	at org.junit.runners.model.FrameworkMethod$1.runReflectiveCall(FrameworkMethod.java:45)
	at org.junit.internal.runners.model.ReflectiveCallable.run(ReflectiveCallable.java:15)
	at org.junit.runners.model.FrameworkMethod.invokeExplosively(FrameworkMethod.java:47)
	at org.junit.internal.runners.statements.InvokeMethod.evaluate(InvokeMethod.java:20)
	at org.junit.internal.runners.statements.RunBefores.evaluate(RunBefores.java:28)
	at org.junit.internal.runners.statements.RunAfters.evaluate(RunAfters.java:30)
	at org.junit.rules.TestWatcher$1.evaluate(TestWatcher.java:47)
	at org.junit.rules.RunRules.evaluate(RunRules.java:18)
	at org.junit.runners.ParentRunner.runLeaf(ParentRunner.java:263)
	at org.junit.runners.BlockJUnit4ClassRunner.runChild(BlockJUnit4ClassRunner.java:70)
	at org.junit.runners.BlockJUnit4ClassRunner.runChild(BlockJUnit4ClassRunner.java:1)
	at org.junit.runners.ParentRunner$3.run(ParentRunner.java:231)
	at org.junit.runners.ParentRunner$1.schedule(ParentRunner.java:60)
	at org.junit.runners.ParentRunner.runChildren(ParentRunner.java:229)
	at org.junit.runners.ParentRunner.access$0(ParentRunner.java:227)
	at org.junit.runners.ParentRunner$2.evaluate(ParentRunner.java:222)
	at org.junit.internal.runners.statements.RunBefores.evaluate(RunBefores.java:28)
	at org.junit.runners.ParentRunner.run(ParentRunner.java:300)
	at junit.framework.JUnit4TestAdapter.run(JUnit4TestAdapter.java:39)
	at org.apache.tools.ant.taskdefs.optional.junit.JUnitTestRunner.run(JUnitTestRunner.java:532)
	at org.apache.tools.ant.taskdefs.optional.junit.JUnitTestRunner.launch(JUnitTestRunner.java:1179)
	at org.apache.tools.ant.taskdefs.optional.junit.JUnitTestRunner.main(JUnitTestRunner.java:1030)
callId=1425289873655  sig=5b3cba828756ac1c786ed192d9d34f89  t=ZUzIADgZjAmYEZANkBj9aYAA6AWoMPgI2  v=1.0  appId=1  clientInfo={"model":"HM NOTE 1TD","version":"2.6.1","os":"4.2.2","screen":"1280*720","from":"UMENG_CHANNEL_VALUE","uniqid":"864375022142948","mac":"d4:97:0b:6a:cf:1d"}  
callId=1425289873821  sig=ce76751c2296af842322537774ea8b86  t=ZUzIADgZjAmYEZANkBj9aYAA6AWoMPgI2  v=1.0  appId=1  clientInfo={"model":"HM NOTE 1TD","version":"2.6.1","os":"4.2.2","screen":"1280*720","from":"UMENG_CHANNEL_VALUE","uniqid":"864375022142948","mac":"d4:97:0b:6a:cf:1d"}  dump=reward.list  
]]></system-err>
</testsuite>
